<?xml version="1.0" encoding="UTF-8" ?>
<testsuite failures="0" time="34.404" errors="0" skipped="0" tests="1" name="org.openmrs.module.rwandaprimarycare.PrimaryCareServiceTest">
  <properties>
    <property name="java.runtime.name" value="Java(TM) SE Runtime Environment"/>
    <property name="sun.boot.library.path" value="/System/Library/Java/JavaVirtualMachines/1.6.0.jdk/Contents/Libraries"/>
    <property name="java.vm.version" value="20.12-b01-434"/>
    <property name="awt.nativeDoubleBuffering" value="true"/>
    <property name="gopherProxySet" value="false"/>
    <property name="mrj.build" value="11M3909"/>
    <property name="java.vm.vendor" value="Apple Inc."/>
    <property name="java.vendor.url" value="http://www.apple.com/"/>
    <property name="path.separator" value=":"/>
    <property name="java.vm.name" value="Java HotSpot(TM) 64-Bit Server VM"/>
    <property name="file.encoding.pkg" value="sun.io"/>
    <property name="user.country" value="US"/>
    <property name="sun.java.launcher" value="SUN_STANDARD"/>
    <property name="sun.os.patch.level" value="unknown"/>
    <property name="java.vm.specification.name" value="Java Virtual Machine Specification"/>
    <property name="user.dir" value="/Users/ng1/Documents/workspaces/RHEA/PrimaryCare/omod"/>
    <property name="java.runtime.version" value="1.6.0_37-b06-434-11M3909"/>
    <property name="java.awt.graphicsenv" value="apple.awt.CGraphicsEnvironment"/>
    <property name="basedir" value="/Users/ng1/Documents/workspaces/RHEA/PrimaryCare/omod"/>
    <property name="java.endorsed.dirs" value="/System/Library/Java/JavaVirtualMachines/1.6.0.jdk/Contents/Home/lib/endorsed"/>
    <property name="os.arch" value="x86_64"/>
    <property name="surefire.real.class.path" value="/Users/ng1/Documents/workspaces/RHEA/PrimaryCare/omod/target/surefire/surefirebooter2163696387613156320.jar"/>
    <property name="java.io.tmpdir" value="/var/folders/7z/qgz533dd49j0xzfscdddj1000000gp/T/"/>
    <property name="line.separator" value="
"/>
    <property name="java.vm.specification.vendor" value="Sun Microsystems Inc."/>
    <property name="os.name" value="Mac OS X"/>
    <property name="sun.jnu.encoding" value="MacRoman"/>
    <property name="java.library.path" value="/Applications/IntelliJ IDEA 11.app/Contents/Resources/Java:/System/Library/PrivateFrameworks/JavaApplicationLauncher.framework/Resources:.:/Library/Java/Extensions:/System/Library/Java/Extensions:/usr/lib/java"/>
    <property name="surefire.test.class.path" value="/Users/ng1/Documents/workspaces/RHEA/PrimaryCare/omod/target/test-classes:/Users/ng1/Documents/workspaces/RHEA/PrimaryCare/omod/target/classes:/Users/ng1/Documents/workspaces/RHEA/PrimaryCare/api/target/rwandaprimarycare-api-2.0.7-SNAPSHOT.jar:/Users/ng1/.m2/repository/org/openmrs/api/openmrs-api/1.9.0/openmrs-api-1.9.0.jar:/Users/ng1/.m2/repository/commons-collections/commons-collections/3.2/commons-collections-3.2.jar:/Users/ng1/.m2/repository/org/apache/commons/commons-lang3/3.1/commons-lang3-3.1.jar:/Users/ng1/.m2/repository/commons-beanutils/commons-beanutils/1.7.0/commons-beanutils-1.7.0.jar:/Users/ng1/.m2/repository/commons-io/commons-io/1.4/commons-io-1.4.jar:/Users/ng1/.m2/repository/org/azeckoski/reflectutils/0.9.14/reflectutils-0.9.14.jar:/Users/ng1/.m2/repository/org/apache/velocity/velocity/1.6.2/velocity-1.6.2.jar:/Users/ng1/.m2/repository/commons-lang/commons-lang/2.4/commons-lang-2.4.jar:/Users/ng1/.m2/repository/log4j/log4j/1.2.15/log4j-1.2.15.jar:/Users/ng1/.m2/repository/org/springframework/spring-core/3.0.5.RELEASE/spring-core-3.0.5.RELEASE.jar:/Users/ng1/.m2/repository/org/springframework/spring-asm/3.0.5.RELEASE/spring-asm-3.0.5.RELEASE.jar:/Users/ng1/.m2/repository/org/springframework/spring-beans/3.0.5.RELEASE/spring-beans-3.0.5.RELEASE.jar:/Users/ng1/.m2/repository/org/springframework/spring-context/3.0.5.RELEASE/spring-context-3.0.5.RELEASE.jar:/Users/ng1/.m2/repository/org/springframework/spring-expression/3.0.5.RELEASE/spring-expression-3.0.5.RELEASE.jar:/Users/ng1/.m2/repository/org/springframework/spring-aop/3.0.5.RELEASE/spring-aop-3.0.5.RELEASE.jar:/Users/ng1/.m2/repository/aopalliance/aopalliance/1.0/aopalliance-1.0.jar:/Users/ng1/.m2/repository/org/springframework/spring-orm/3.0.5.RELEASE/spring-orm-3.0.5.RELEASE.jar:/Users/ng1/.m2/repository/org/springframework/spring-tx/3.0.5.RELEASE/spring-tx-3.0.5.RELEASE.jar:/Users/ng1/.m2/repository/org/springframework/spring-jdbc/3.0.5.RELEASE/spring-jdbc-3.0.5.RELEASE.jar:/Users/ng1/.m2/repository/org/antlr/antlr-runtime/3.4/antlr-runtime-3.4.jar:/Users/ng1/.m2/repository/org/antlr/stringtemplate/3.2.1/stringtemplate-3.2.1.jar:/Users/ng1/.m2/repository/antlr/antlr/2.7.7/antlr-2.7.7.jar:/Users/ng1/.m2/repository/asm/asm-commons/2.2.3/asm-commons-2.2.3.jar:/Users/ng1/.m2/repository/asm/asm-tree/2.2.3/asm-tree-2.2.3.jar:/Users/ng1/.m2/repository/asm/asm/2.2.3/asm-2.2.3.jar:/Users/ng1/.m2/repository/asm/asm-util/2.2.3/asm-util-2.2.3.jar:/Users/ng1/.m2/repository/cglib/cglib-nodep/2.2/cglib-nodep-2.2.jar:/Users/ng1/.m2/repository/ca/uhn/hapi/hapi/0.5/hapi-0.5.jar:/Users/ng1/.m2/repository/org/openmrs/simpleframework/simple-xml/1.6.1-mod/simple-xml-1.6.1-mod.jar:/Users/ng1/.m2/repository/stax/stax/1.2.0/stax-1.2.0.jar:/Users/ng1/.m2/repository/stax/stax-api/1.0.1/stax-api-1.0.1.jar:/Users/ng1/.m2/repository/javassist/javassist/3.12.1.GA/javassist-3.12.1.GA.jar:/Users/ng1/.m2/repository/org/openmrs/hibernate/hibernate-core/3.6.5.Final-mod/hibernate-core-3.6.5.Final-mod.jar:/Users/ng1/.m2/repository/org/hibernate/hibernate-commons-annotations/3.2.0.Final/hibernate-commons-annotations-3.2.0.Final.jar:/Users/ng1/.m2/repository/org/hibernate/javax/persistence/hibernate-jpa-2.0-api/1.0.0.Final/hibernate-jpa-2.0-api-1.0.0.Final.jar:/Users/ng1/.m2/repository/javax/transaction/jta/1.1/jta-1.1.jar:/Users/ng1/.m2/repository/org/hibernate/hibernate-c3p0/3.6.0.Final/hibernate-c3p0-3.6.0.Final.jar:/Users/ng1/.m2/repository/org/hibernate/hibernate-core/3.6.0.Final/hibernate-core-3.6.0.Final.jar:/Users/ng1/.m2/repository/org/hibernate/hibernate-ehcache/3.6.0.Final/hibernate-ehcache-3.6.0.Final.jar:/Users/ng1/.m2/repository/org/hibernate/hibernate-search/3.4.0.Final/hibernate-search-3.4.0.Final.jar:/Users/ng1/.m2/repository/org/apache/lucene/lucene-core/3.1.0/lucene-core-3.1.0.jar:/Users/ng1/.m2/repository/org/hibernate/hibernate-search-analyzers/3.4.0.Final/hibernate-search-analyzers-3.4.0.Final.jar:/Users/ng1/.m2/repository/org/apache/lucene/lucene-analyzers/3.1.0/lucene-analyzers-3.1.0.jar:/Users/ng1/.m2/repository/org/apache/solr/solr-analysis-extras/3.1.0/solr-analysis-extras-3.1.0.jar:/Users/ng1/.m2/repository/org/apache/solr/solr-core/3.1.0/solr-core-3.1.0.jar:/Users/ng1/.m2/repository/org/apache/solr/solr-solrj/3.1.0/solr-solrj-3.1.0.jar:/Users/ng1/.m2/repository/org/apache/lucene/lucene-highlighter/3.1.0/lucene-highlighter-3.1.0.jar:/Users/ng1/.m2/repository/org/apache/lucene/lucene-memory/3.1.0/lucene-memory-3.1.0.jar:/Users/ng1/.m2/repository/org/apache/lucene/lucene-misc/3.1.0/lucene-misc-3.1.0.jar:/Users/ng1/.m2/repository/org/apache/lucene/lucene-spatial/3.1.0/lucene-spatial-3.1.0.jar:/Users/ng1/.m2/repository/org/apache/lucene/lucene-spellchecker/3.1.0/lucene-spellchecker-3.1.0.jar:/Users/ng1/.m2/repository/org/apache/solr/solr-commons-csv/3.1.0/solr-commons-csv-3.1.0.jar:/Users/ng1/.m2/repository/org/apache/lucene/lucene-smartcn/3.1.0/lucene-smartcn-3.1.0.jar:/Users/ng1/.m2/repository/org/apache/lucene/lucene-stempel/3.1.0/lucene-stempel-3.1.0.jar:/Users/ng1/.m2/repository/dom4j/dom4j/1.6.1/dom4j-1.6.1.jar:/Users/ng1/.m2/repository/c3p0/c3p0/0.9.1/c3p0-0.9.1.jar:/Users/ng1/.m2/repository/net/sf/ehcache/ehcache-core/2.2.0/ehcache-core-2.2.0.jar:/Users/ng1/.m2/repository/org/slf4j/slf4j-api/1.6.0/slf4j-api-1.6.0.jar:/Users/ng1/.m2/repository/org/slf4j/jcl-over-slf4j/1.6.0/jcl-over-slf4j-1.6.0.jar:/Users/ng1/.m2/repository/org/slf4j/slf4j-log4j12/1.6.0/slf4j-log4j12-1.6.0.jar:/Users/ng1/.m2/repository/com/thoughtworks/xstream/xstream/1.3.1/xstream-1.3.1.jar:/Users/ng1/.m2/repository/javax/mail/mail/1.4.1/mail-1.4.1.jar:/Users/ng1/.m2/repository/javax/activation/activation/1.1/activation-1.1.jar:/Users/ng1/.m2/repository/org/liquibase/liquibase-core/2.0.1/liquibase-core-2.0.1.jar:/Users/ng1/.m2/repository/org/openmrs/liquibase/ext/modify-column/2.0.2/modify-column-2.0.2.jar:/Users/ng1/.m2/repository/org/openmrs/liquibase/ext/identity-insert/1.2.1/identity-insert-1.2.1.jar:/Users/ng1/.m2/repository/org/openmrs/liquibase/ext/type-converter/1.0.1/type-converter-1.0.1.jar:/Users/ng1/.m2/repository/xerces/xercesImpl/2.8.0/xercesImpl-2.8.0.jar:/Users/ng1/.m2/repository/xml-apis/xml-apis/1.3.03/xml-apis-1.3.03.jar:/Users/ng1/.m2/repository/xml-resolver/xml-resolver/1.1/xml-resolver-1.1.jar:/Users/ng1/.m2/repository/org/springframework/spring-oxm/3.0.5.RELEASE/spring-oxm-3.0.5.RELEASE.jar:/Users/ng1/.m2/repository/org/openmrs/api/openmrs-api/1.9.0/openmrs-api-1.9.0-tests.jar:/Users/ng1/.m2/repository/org/openmrs/web/openmrs-web/1.9.0/openmrs-web-1.9.0.jar:/Users/ng1/.m2/repository/javax/servlet/servlet-api/2.5/servlet-api-2.5.jar:/Users/ng1/.m2/repository/javax/servlet/jsp-api/2.0/jsp-api-2.0.jar:/Users/ng1/.m2/repository/javax/servlet/jstl/1.1.2/jstl-1.1.2.jar:/Users/ng1/.m2/repository/org/openmrs/directwebremoting/dwr/2.0.5-mod/dwr-2.0.5-mod.jar:/Users/ng1/.m2/repository/commons-fileupload/commons-fileupload/1.2.1/commons-fileupload-1.2.1.jar:/Users/ng1/.m2/repository/net/sf/saxon/saxon/8.7/saxon-8.7.jar:/Users/ng1/.m2/repository/net/sf/saxon/saxon-dom/8.7/saxon-dom-8.7.jar:/Users/ng1/.m2/repository/org/springframework/spring-web/3.0.5.RELEASE/spring-web-3.0.5.RELEASE.jar:/Users/ng1/.m2/repository/org/springframework/spring-webmvc/3.0.5.RELEASE/spring-webmvc-3.0.5.RELEASE.jar:/Users/ng1/.m2/repository/org/springframework/spring-context-support/3.0.5.RELEASE/spring-context-support-3.0.5.RELEASE.jar:/Users/ng1/.m2/repository/jfree/jfreechart/1.0.12/jfreechart-1.0.12.jar:/Users/ng1/.m2/repository/jfree/jcommon/1.0.15/jcommon-1.0.15.jar:/Users/ng1/.m2/repository/mysql/mysql-connector-java/5.1.8/mysql-connector-java-5.1.8.jar:/Users/ng1/.m2/repository/postgresql/postgresql/9.0-801.jdbc4/postgresql-9.0-801.jdbc4.jar:/Users/ng1/.m2/repository/net/sourceforge/jtds/jtds/1.2.4/jtds-1.2.4.jar:/Users/ng1/.m2/repository/taglibs/request/1.0.1/request-1.0.1.jar:/Users/ng1/.m2/repository/taglibs/response/1.0.1/response-1.0.1.jar:/Users/ng1/.m2/repository/taglibs/standard/1.1.2/standard-1.1.2.jar:/Users/ng1/.m2/repository/taglibs/page/1.0.1/page-1.0.1.jar:/Users/ng1/.m2/repository/org/codehaus/jackson/jackson-core-asl/1.5.0/jackson-core-asl-1.5.0.jar:/Users/ng1/.m2/repository/org/codehaus/jackson/jackson-mapper-asl/1.5.0/jackson-mapper-asl-1.5.0.jar:/Users/ng1/.m2/repository/org/apache/velocity/velocity-tools/2.0/velocity-tools-2.0.jar:/Users/ng1/.m2/repository/commons-digester/commons-digester/1.8/commons-digester-1.8.jar:/Users/ng1/.m2/repository/commons-chain/commons-chain/1.1/commons-chain-1.1.jar:/Users/ng1/.m2/repository/commons-logging/commons-logging/1.1/commons-logging-1.1.jar:/Users/ng1/.m2/repository/commons-validator/commons-validator/1.3.1/commons-validator-1.3.1.jar:/Users/ng1/.m2/repository/oro/oro/2.0.8/oro-2.0.8.jar:/Users/ng1/.m2/repository/sslext/sslext/1.2-0/sslext-1.2-0.jar:/Users/ng1/.m2/repository/org/apache/struts/struts-core/1.3.8/struts-core-1.3.8.jar:/Users/ng1/.m2/repository/org/apache/struts/struts-taglib/1.3.8/struts-taglib-1.3.8.jar:/Users/ng1/.m2/repository/org/apache/struts/struts-tiles/1.3.8/struts-tiles-1.3.8.jar:/Users/ng1/.m2/repository/org/openmrs/web/openmrs-web/1.9.0/openmrs-web-1.9.0-tests.jar:/Users/ng1/.m2/repository/org/springframework/spring-test/3.0.5.RELEASE/spring-test-3.0.5.RELEASE.jar:/Users/ng1/.m2/repository/junit/junit/4.8.1/junit-4.8.1.jar:/Users/ng1/.m2/repository/org/databene/databene-benerator/0.5.9/databene-benerator-0.5.9.jar:/Users/ng1/.m2/repository/org/databene/databene-webdecs/0.4.9/databene-webdecs-0.4.9.jar:/Users/ng1/.m2/repository/org/freemarker/freemarker/2.3.9/freemarker-2.3.9.jar:/Users/ng1/.m2/repository/org/databene/databene-commons/0.4.9/databene-commons-0.4.9.jar:/Users/ng1/.m2/repository/org/databene/databene-gui/0.1.9/databene-gui-0.1.9.jar:/Users/ng1/.m2/repository/org/apache/derby/derbyclient/10.4.2.0/derbyclient-10.4.2.0.jar:/Users/ng1/.m2/repository/com/h2database/h2/1.2.135/h2-1.2.135.jar:/Users/ng1/.m2/repository/org/dbunit/dbunit/2.4.7/dbunit-2.4.7.jar:/Users/ng1/.m2/repository/xmlunit/xmlunit/1.3/xmlunit-1.3.jar:/Users/ng1/.m2/repository/org/mockito/mockito-all/1.8.5/mockito-all-1.8.5.jar:/Users/ng1/.m2/repository/org/powermock/powermock-module-junit4/1.4.10/powermock-module-junit4-1.4.10.jar:/Users/ng1/.m2/repository/org/powermock/powermock-module-junit4-common/1.4.10/powermock-module-junit4-common-1.4.10.jar:/Users/ng1/.m2/repository/org/powermock/powermock-core/1.4.10/powermock-core-1.4.10.jar:/Users/ng1/.m2/repository/org/javassist/javassist/3.15.0-GA/javassist-3.15.0-GA.jar:/Users/ng1/.m2/repository/org/powermock/powermock-reflect/1.4.10/powermock-reflect-1.4.10.jar:/Users/ng1/.m2/repository/org/objenesis/objenesis/1.2/objenesis-1.2.jar:/Users/ng1/.m2/repository/org/powermock/powermock-api-mockito/1.4.10/powermock-api-mockito-1.4.10.jar:/Users/ng1/.m2/repository/org/powermock/powermock-api-support/1.4.10/powermock-api-support-1.4.10.jar:/Users/ng1/.m2/repository/org/openmrs/module/addresshierarchyrwanda-api/1.2.6/addresshierarchyrwanda-api-1.2.6.jar:/Users/ng1/.m2/repository/org/openmrs/test/openmrs-test/1.6.3/openmrs-test-1.6.3.jar:/Users/ng1/.m2/repository/hsqldb/hsqldb/1.8.0.10/hsqldb-1.8.0.10.jar:/Users/ng1/.m2/repository/org/openmrs/module/idgen-api/2.2/idgen-api-2.2.jar:/Users/ng1/.m2/repository/org/openmrs/module/namephonetics-api/1.3.3/namephonetics-api-1.3.3.jar:/Users/ng1/.m2/repository/commons-codec/commons-codec/1.4/commons-codec-1.4.jar:/Users/ng1/.m2/repository/org/openmrs/module/htmlformentry-api/1.9.3/htmlformentry-api-1.9.3.jar:/Users/ng1/.m2/repository/org/openmrs/module/rheapocadapter-api/0.5.1-SNAPSHOT/rheapocadapter-api-0.5.1-SNAPSHOT.jar:/Users/ng1/.m2/repository/org/openmrs/module/mohappointment-api/0.1.9-SNAPSHOT/mohappointment-api-0.1.9-SNAPSHOT.jar:/Users/ng1/.m2/repository/org/apache/poi/poi/3.8-beta4/poi-3.8-beta4.jar:/Users/ng1/.m2/repository/com/itextpdf/itextpdf/5.3.4/itextpdf-5.3.4.jar:"/>
    <property name="java.specification.name" value="Java Platform API Specification"/>
    <property name="java.class.version" value="50.0"/>
    <property name="sun.management.compiler" value="HotSpot 64-Bit Tiered Compilers"/>
    <property name="os.version" value="10.8.2"/>
    <property name="user.home" value="/Users/ng1"/>
    <property name="user.timezone" value="Africa/Kigali"/>
    <property name="java.awt.printerjob" value="apple.awt.CPrinterJob"/>
    <property name="java.specification.version" value="1.6"/>
    <property name="file.encoding" value="MacRoman"/>
    <property name="user.name" value="ng1"/>
    <property name="java.class.path" value="/Users/ng1/Documents/workspaces/RHEA/PrimaryCare/omod/target/test-classes:/Users/ng1/Documents/workspaces/RHEA/PrimaryCare/omod/target/classes:/Users/ng1/Documents/workspaces/RHEA/PrimaryCare/api/target/rwandaprimarycare-api-2.0.7-SNAPSHOT.jar:/Users/ng1/.m2/repository/org/openmrs/api/openmrs-api/1.9.0/openmrs-api-1.9.0.jar:/Users/ng1/.m2/repository/commons-collections/commons-collections/3.2/commons-collections-3.2.jar:/Users/ng1/.m2/repository/org/apache/commons/commons-lang3/3.1/commons-lang3-3.1.jar:/Users/ng1/.m2/repository/commons-beanutils/commons-beanutils/1.7.0/commons-beanutils-1.7.0.jar:/Users/ng1/.m2/repository/commons-io/commons-io/1.4/commons-io-1.4.jar:/Users/ng1/.m2/repository/org/azeckoski/reflectutils/0.9.14/reflectutils-0.9.14.jar:/Users/ng1/.m2/repository/org/apache/velocity/velocity/1.6.2/velocity-1.6.2.jar:/Users/ng1/.m2/repository/commons-lang/commons-lang/2.4/commons-lang-2.4.jar:/Users/ng1/.m2/repository/log4j/log4j/1.2.15/log4j-1.2.15.jar:/Users/ng1/.m2/repository/org/springframework/spring-core/3.0.5.RELEASE/spring-core-3.0.5.RELEASE.jar:/Users/ng1/.m2/repository/org/springframework/spring-asm/3.0.5.RELEASE/spring-asm-3.0.5.RELEASE.jar:/Users/ng1/.m2/repository/org/springframework/spring-beans/3.0.5.RELEASE/spring-beans-3.0.5.RELEASE.jar:/Users/ng1/.m2/repository/org/springframework/spring-context/3.0.5.RELEASE/spring-context-3.0.5.RELEASE.jar:/Users/ng1/.m2/repository/org/springframework/spring-expression/3.0.5.RELEASE/spring-expression-3.0.5.RELEASE.jar:/Users/ng1/.m2/repository/org/springframework/spring-aop/3.0.5.RELEASE/spring-aop-3.0.5.RELEASE.jar:/Users/ng1/.m2/repository/aopalliance/aopalliance/1.0/aopalliance-1.0.jar:/Users/ng1/.m2/repository/org/springframework/spring-orm/3.0.5.RELEASE/spring-orm-3.0.5.RELEASE.jar:/Users/ng1/.m2/repository/org/springframework/spring-tx/3.0.5.RELEASE/spring-tx-3.0.5.RELEASE.jar:/Users/ng1/.m2/repository/org/springframework/spring-jdbc/3.0.5.RELEASE/spring-jdbc-3.0.5.RELEASE.jar:/Users/ng1/.m2/repository/org/antlr/antlr-runtime/3.4/antlr-runtime-3.4.jar:/Users/ng1/.m2/repository/org/antlr/stringtemplate/3.2.1/stringtemplate-3.2.1.jar:/Users/ng1/.m2/repository/antlr/antlr/2.7.7/antlr-2.7.7.jar:/Users/ng1/.m2/repository/asm/asm-commons/2.2.3/asm-commons-2.2.3.jar:/Users/ng1/.m2/repository/asm/asm-tree/2.2.3/asm-tree-2.2.3.jar:/Users/ng1/.m2/repository/asm/asm/2.2.3/asm-2.2.3.jar:/Users/ng1/.m2/repository/asm/asm-util/2.2.3/asm-util-2.2.3.jar:/Users/ng1/.m2/repository/cglib/cglib-nodep/2.2/cglib-nodep-2.2.jar:/Users/ng1/.m2/repository/ca/uhn/hapi/hapi/0.5/hapi-0.5.jar:/Users/ng1/.m2/repository/org/openmrs/simpleframework/simple-xml/1.6.1-mod/simple-xml-1.6.1-mod.jar:/Users/ng1/.m2/repository/stax/stax/1.2.0/stax-1.2.0.jar:/Users/ng1/.m2/repository/stax/stax-api/1.0.1/stax-api-1.0.1.jar:/Users/ng1/.m2/repository/javassist/javassist/3.12.1.GA/javassist-3.12.1.GA.jar:/Users/ng1/.m2/repository/org/openmrs/hibernate/hibernate-core/3.6.5.Final-mod/hibernate-core-3.6.5.Final-mod.jar:/Users/ng1/.m2/repository/org/hibernate/hibernate-commons-annotations/3.2.0.Final/hibernate-commons-annotations-3.2.0.Final.jar:/Users/ng1/.m2/repository/org/hibernate/javax/persistence/hibernate-jpa-2.0-api/1.0.0.Final/hibernate-jpa-2.0-api-1.0.0.Final.jar:/Users/ng1/.m2/repository/javax/transaction/jta/1.1/jta-1.1.jar:/Users/ng1/.m2/repository/org/hibernate/hibernate-c3p0/3.6.0.Final/hibernate-c3p0-3.6.0.Final.jar:/Users/ng1/.m2/repository/org/hibernate/hibernate-core/3.6.0.Final/hibernate-core-3.6.0.Final.jar:/Users/ng1/.m2/repository/org/hibernate/hibernate-ehcache/3.6.0.Final/hibernate-ehcache-3.6.0.Final.jar:/Users/ng1/.m2/repository/org/hibernate/hibernate-search/3.4.0.Final/hibernate-search-3.4.0.Final.jar:/Users/ng1/.m2/repository/org/apache/lucene/lucene-core/3.1.0/lucene-core-3.1.0.jar:/Users/ng1/.m2/repository/org/hibernate/hibernate-search-analyzers/3.4.0.Final/hibernate-search-analyzers-3.4.0.Final.jar:/Users/ng1/.m2/repository/org/apache/lucene/lucene-analyzers/3.1.0/lucene-analyzers-3.1.0.jar:/Users/ng1/.m2/repository/org/apache/solr/solr-analysis-extras/3.1.0/solr-analysis-extras-3.1.0.jar:/Users/ng1/.m2/repository/org/apache/solr/solr-core/3.1.0/solr-core-3.1.0.jar:/Users/ng1/.m2/repository/org/apache/solr/solr-solrj/3.1.0/solr-solrj-3.1.0.jar:/Users/ng1/.m2/repository/org/apache/lucene/lucene-highlighter/3.1.0/lucene-highlighter-3.1.0.jar:/Users/ng1/.m2/repository/org/apache/lucene/lucene-memory/3.1.0/lucene-memory-3.1.0.jar:/Users/ng1/.m2/repository/org/apache/lucene/lucene-misc/3.1.0/lucene-misc-3.1.0.jar:/Users/ng1/.m2/repository/org/apache/lucene/lucene-spatial/3.1.0/lucene-spatial-3.1.0.jar:/Users/ng1/.m2/repository/org/apache/lucene/lucene-spellchecker/3.1.0/lucene-spellchecker-3.1.0.jar:/Users/ng1/.m2/repository/org/apache/solr/solr-commons-csv/3.1.0/solr-commons-csv-3.1.0.jar:/Users/ng1/.m2/repository/org/apache/lucene/lucene-smartcn/3.1.0/lucene-smartcn-3.1.0.jar:/Users/ng1/.m2/repository/org/apache/lucene/lucene-stempel/3.1.0/lucene-stempel-3.1.0.jar:/Users/ng1/.m2/repository/dom4j/dom4j/1.6.1/dom4j-1.6.1.jar:/Users/ng1/.m2/repository/c3p0/c3p0/0.9.1/c3p0-0.9.1.jar:/Users/ng1/.m2/repository/net/sf/ehcache/ehcache-core/2.2.0/ehcache-core-2.2.0.jar:/Users/ng1/.m2/repository/org/slf4j/slf4j-api/1.6.0/slf4j-api-1.6.0.jar:/Users/ng1/.m2/repository/org/slf4j/jcl-over-slf4j/1.6.0/jcl-over-slf4j-1.6.0.jar:/Users/ng1/.m2/repository/org/slf4j/slf4j-log4j12/1.6.0/slf4j-log4j12-1.6.0.jar:/Users/ng1/.m2/repository/com/thoughtworks/xstream/xstream/1.3.1/xstream-1.3.1.jar:/Users/ng1/.m2/repository/javax/mail/mail/1.4.1/mail-1.4.1.jar:/Users/ng1/.m2/repository/javax/activation/activation/1.1/activation-1.1.jar:/Users/ng1/.m2/repository/org/liquibase/liquibase-core/2.0.1/liquibase-core-2.0.1.jar:/Users/ng1/.m2/repository/org/openmrs/liquibase/ext/modify-column/2.0.2/modify-column-2.0.2.jar:/Users/ng1/.m2/repository/org/openmrs/liquibase/ext/identity-insert/1.2.1/identity-insert-1.2.1.jar:/Users/ng1/.m2/repository/org/openmrs/liquibase/ext/type-converter/1.0.1/type-converter-1.0.1.jar:/Users/ng1/.m2/repository/xerces/xercesImpl/2.8.0/xercesImpl-2.8.0.jar:/Users/ng1/.m2/repository/xml-apis/xml-apis/1.3.03/xml-apis-1.3.03.jar:/Users/ng1/.m2/repository/xml-resolver/xml-resolver/1.1/xml-resolver-1.1.jar:/Users/ng1/.m2/repository/org/springframework/spring-oxm/3.0.5.RELEASE/spring-oxm-3.0.5.RELEASE.jar:/Users/ng1/.m2/repository/org/openmrs/api/openmrs-api/1.9.0/openmrs-api-1.9.0-tests.jar:/Users/ng1/.m2/repository/org/openmrs/web/openmrs-web/1.9.0/openmrs-web-1.9.0.jar:/Users/ng1/.m2/repository/javax/servlet/servlet-api/2.5/servlet-api-2.5.jar:/Users/ng1/.m2/repository/javax/servlet/jsp-api/2.0/jsp-api-2.0.jar:/Users/ng1/.m2/repository/javax/servlet/jstl/1.1.2/jstl-1.1.2.jar:/Users/ng1/.m2/repository/org/openmrs/directwebremoting/dwr/2.0.5-mod/dwr-2.0.5-mod.jar:/Users/ng1/.m2/repository/commons-fileupload/commons-fileupload/1.2.1/commons-fileupload-1.2.1.jar:/Users/ng1/.m2/repository/net/sf/saxon/saxon/8.7/saxon-8.7.jar:/Users/ng1/.m2/repository/net/sf/saxon/saxon-dom/8.7/saxon-dom-8.7.jar:/Users/ng1/.m2/repository/org/springframework/spring-web/3.0.5.RELEASE/spring-web-3.0.5.RELEASE.jar:/Users/ng1/.m2/repository/org/springframework/spring-webmvc/3.0.5.RELEASE/spring-webmvc-3.0.5.RELEASE.jar:/Users/ng1/.m2/repository/org/springframework/spring-context-support/3.0.5.RELEASE/spring-context-support-3.0.5.RELEASE.jar:/Users/ng1/.m2/repository/jfree/jfreechart/1.0.12/jfreechart-1.0.12.jar:/Users/ng1/.m2/repository/jfree/jcommon/1.0.15/jcommon-1.0.15.jar:/Users/ng1/.m2/repository/mysql/mysql-connector-java/5.1.8/mysql-connector-java-5.1.8.jar:/Users/ng1/.m2/repository/postgresql/postgresql/9.0-801.jdbc4/postgresql-9.0-801.jdbc4.jar:/Users/ng1/.m2/repository/net/sourceforge/jtds/jtds/1.2.4/jtds-1.2.4.jar:/Users/ng1/.m2/repository/taglibs/request/1.0.1/request-1.0.1.jar:/Users/ng1/.m2/repository/taglibs/response/1.0.1/response-1.0.1.jar:/Users/ng1/.m2/repository/taglibs/standard/1.1.2/standard-1.1.2.jar:/Users/ng1/.m2/repository/taglibs/page/1.0.1/page-1.0.1.jar:/Users/ng1/.m2/repository/org/codehaus/jackson/jackson-core-asl/1.5.0/jackson-core-asl-1.5.0.jar:/Users/ng1/.m2/repository/org/codehaus/jackson/jackson-mapper-asl/1.5.0/jackson-mapper-asl-1.5.0.jar:/Users/ng1/.m2/repository/org/apache/velocity/velocity-tools/2.0/velocity-tools-2.0.jar:/Users/ng1/.m2/repository/commons-digester/commons-digester/1.8/commons-digester-1.8.jar:/Users/ng1/.m2/repository/commons-chain/commons-chain/1.1/commons-chain-1.1.jar:/Users/ng1/.m2/repository/commons-logging/commons-logging/1.1/commons-logging-1.1.jar:/Users/ng1/.m2/repository/commons-validator/commons-validator/1.3.1/commons-validator-1.3.1.jar:/Users/ng1/.m2/repository/oro/oro/2.0.8/oro-2.0.8.jar:/Users/ng1/.m2/repository/sslext/sslext/1.2-0/sslext-1.2-0.jar:/Users/ng1/.m2/repository/org/apache/struts/struts-core/1.3.8/struts-core-1.3.8.jar:/Users/ng1/.m2/repository/org/apache/struts/struts-taglib/1.3.8/struts-taglib-1.3.8.jar:/Users/ng1/.m2/repository/org/apache/struts/struts-tiles/1.3.8/struts-tiles-1.3.8.jar:/Users/ng1/.m2/repository/org/openmrs/web/openmrs-web/1.9.0/openmrs-web-1.9.0-tests.jar:/Users/ng1/.m2/repository/org/springframework/spring-test/3.0.5.RELEASE/spring-test-3.0.5.RELEASE.jar:/Users/ng1/.m2/repository/junit/junit/4.8.1/junit-4.8.1.jar:/Users/ng1/.m2/repository/org/databene/databene-benerator/0.5.9/databene-benerator-0.5.9.jar:/Users/ng1/.m2/repository/org/databene/databene-webdecs/0.4.9/databene-webdecs-0.4.9.jar:/Users/ng1/.m2/repository/org/freemarker/freemarker/2.3.9/freemarker-2.3.9.jar:/Users/ng1/.m2/repository/org/databene/databene-commons/0.4.9/databene-commons-0.4.9.jar:/Users/ng1/.m2/repository/org/databene/databene-gui/0.1.9/databene-gui-0.1.9.jar:/Users/ng1/.m2/repository/org/apache/derby/derbyclient/10.4.2.0/derbyclient-10.4.2.0.jar:/Users/ng1/.m2/repository/com/h2database/h2/1.2.135/h2-1.2.135.jar:/Users/ng1/.m2/repository/org/dbunit/dbunit/2.4.7/dbunit-2.4.7.jar:/Users/ng1/.m2/repository/xmlunit/xmlunit/1.3/xmlunit-1.3.jar:/Users/ng1/.m2/repository/org/mockito/mockito-all/1.8.5/mockito-all-1.8.5.jar:/Users/ng1/.m2/repository/org/powermock/powermock-module-junit4/1.4.10/powermock-module-junit4-1.4.10.jar:/Users/ng1/.m2/repository/org/powermock/powermock-module-junit4-common/1.4.10/powermock-module-junit4-common-1.4.10.jar:/Users/ng1/.m2/repository/org/powermock/powermock-core/1.4.10/powermock-core-1.4.10.jar:/Users/ng1/.m2/repository/org/javassist/javassist/3.15.0-GA/javassist-3.15.0-GA.jar:/Users/ng1/.m2/repository/org/powermock/powermock-reflect/1.4.10/powermock-reflect-1.4.10.jar:/Users/ng1/.m2/repository/org/objenesis/objenesis/1.2/objenesis-1.2.jar:/Users/ng1/.m2/repository/org/powermock/powermock-api-mockito/1.4.10/powermock-api-mockito-1.4.10.jar:/Users/ng1/.m2/repository/org/powermock/powermock-api-support/1.4.10/powermock-api-support-1.4.10.jar:/Users/ng1/.m2/repository/org/openmrs/module/addresshierarchyrwanda-api/1.2.6/addresshierarchyrwanda-api-1.2.6.jar:/Users/ng1/.m2/repository/org/openmrs/test/openmrs-test/1.6.3/openmrs-test-1.6.3.jar:/Users/ng1/.m2/repository/hsqldb/hsqldb/1.8.0.10/hsqldb-1.8.0.10.jar:/Users/ng1/.m2/repository/org/openmrs/module/idgen-api/2.2/idgen-api-2.2.jar:/Users/ng1/.m2/repository/org/openmrs/module/namephonetics-api/1.3.3/namephonetics-api-1.3.3.jar:/Users/ng1/.m2/repository/commons-codec/commons-codec/1.4/commons-codec-1.4.jar:/Users/ng1/.m2/repository/org/openmrs/module/htmlformentry-api/1.9.3/htmlformentry-api-1.9.3.jar:/Users/ng1/.m2/repository/org/openmrs/module/rheapocadapter-api/0.5.1-SNAPSHOT/rheapocadapter-api-0.5.1-SNAPSHOT.jar:/Users/ng1/.m2/repository/org/openmrs/module/mohappointment-api/0.1.9-SNAPSHOT/mohappointment-api-0.1.9-SNAPSHOT.jar:/Users/ng1/.m2/repository/org/apache/poi/poi/3.8-beta4/poi-3.8-beta4.jar:/Users/ng1/.m2/repository/com/itextpdf/itextpdf/5.3.4/itextpdf-5.3.4.jar:"/>
    <property name="java.vm.specification.version" value="1.0"/>
    <property name="sun.arch.data.model" value="64"/>
    <property name="java.home" value="/System/Library/Java/JavaVirtualMachines/1.6.0.jdk/Contents/Home"/>
    <property name="sun.java.command" value="/Users/ng1/Documents/workspaces/RHEA/PrimaryCare/omod/target/surefire/surefirebooter2163696387613156320.jar /Users/ng1/Documents/workspaces/RHEA/PrimaryCare/omod/target/surefire/surefire8017022076475182603tmp /Users/ng1/Documents/workspaces/RHEA/PrimaryCare/omod/target/surefire/surefire3185826245190630030tmp"/>
    <property name="java.specification.vendor" value="Sun Microsystems Inc."/>
    <property name="user.language" value="en"/>
    <property name="awt.toolkit" value="apple.awt.CToolkit"/>
    <property name="java.vm.info" value="mixed mode"/>
    <property name="java.version" value="1.6.0_37"/>
    <property name="java.ext.dirs" value="/Library/Java/Extensions:/System/Library/Java/Extensions:/System/Library/Java/JavaVirtualMachines/1.6.0.jdk/Contents/Home/lib/ext"/>
    <property name="sun.boot.class.path" value="/System/Library/Java/JavaVirtualMachines/1.6.0.jdk/Contents/Classes/jsfd.jar:/System/Library/Java/JavaVirtualMachines/1.6.0.jdk/Contents/Classes/classes.jar:/System/Library/Frameworks/JavaVM.framework/Frameworks/JavaRuntimeSupport.framework/Resources/Java/JavaRuntimeSupport.jar:/System/Library/Java/JavaVirtualMachines/1.6.0.jdk/Contents/Classes/ui.jar:/System/Library/Java/JavaVirtualMachines/1.6.0.jdk/Contents/Classes/laf.jar:/System/Library/Java/JavaVirtualMachines/1.6.0.jdk/Contents/Classes/sunrsasign.jar:/System/Library/Java/JavaVirtualMachines/1.6.0.jdk/Contents/Classes/jsse.jar:/System/Library/Java/JavaVirtualMachines/1.6.0.jdk/Contents/Classes/jce.jar:/System/Library/Java/JavaVirtualMachines/1.6.0.jdk/Contents/Classes/charsets.jar"/>
    <property name="java.vendor" value="Apple Inc."/>
    <property name="localRepository" value="/Users/ng1/.m2/repository"/>
    <property name="file.separator" value="/"/>
    <property name="java.vendor.url.bug" value="http://bugreport.apple.com/"/>
    <property name="sun.cpu.endian" value="little"/>
    <property name="sun.io.unicode.encoding" value="UnicodeLittle"/>
    <property name="mrj.version" value="1070.1.6.0_37-434"/>
    <property name="sun.cpu.isalist" value=""/>
  </properties>
  <testcase time="33.719" classname="org.openmrs.module.rwandaprimarycare.PrimaryCareServiceTest" name="testNationalIdentifierStuff"/>
</testsuite>